This is pdfTeX, Version 3.1415926-2.5-1.40.14 (TeX Live 2013/Debian) (format=pdflatex 2017.9.18)  4 OCT 2017 08:04
entering extended mode
 restricted \write18 enabled.
 %&-line parsing enabled.
**report.tex
(./report.tex
LaTeX2e <2011/06/27>
Babel <3.9h> and hyphenation patterns for 78 languages loaded.
(/usr/share/texlive/texmf-dist/tex/latex/base/article.cls
Document Class: article 2007/10/19 v1.4h Standard LaTeX document class
(/usr/share/texlive/texmf-dist/tex/latex/base/size11.clo
File: size11.clo 2007/10/19 v1.4h Standard LaTeX file (size option)
)
\c@part=\count79
\c@section=\count80
\c@subsection=\count81
\c@subsubsection=\count82
\c@paragraph=\count83
\c@subparagraph=\count84
\c@figure=\count85
\c@table=\count86
\abovecaptionskip=\skip41
\belowcaptionskip=\skip42
\bibindent=\dimen102
)
(/usr/share/texlive/texmf-dist/tex/latex/graphics/graphicx.sty
Package: graphicx 1999/02/16 v1.0f Enhanced LaTeX Graphics (DPC,SPQR)

(/usr/share/texlive/texmf-dist/tex/latex/graphics/keyval.sty
Package: keyval 1999/03/16 v1.13 key=value parser (DPC)
\KV@toks@=\toks14
)
(/usr/share/texlive/texmf-dist/tex/latex/graphics/graphics.sty
Package: graphics 2009/02/05 v1.0o Standard LaTeX Graphics (DPC,SPQR)

(/usr/share/texlive/texmf-dist/tex/latex/graphics/trig.sty
Package: trig 1999/03/16 v1.09 sin cos tan (DPC)
)
(/usr/share/texlive/texmf-dist/tex/latex/latexconfig/graphics.cfg
File: graphics.cfg 2010/04/23 v1.9 graphics configuration of TeX Live
)
Package graphics Info: Driver file: pdftex.def on input line 91.

(/usr/share/texlive/texmf-dist/tex/latex/pdftex-def/pdftex.def
File: pdftex.def 2011/05/27 v0.06d Graphics/color for pdfTeX

(/usr/share/texlive/texmf-dist/tex/generic/oberdiek/infwarerr.sty
Package: infwarerr 2010/04/08 v1.3 Providing info/warning/error messages (HO)
)
(/usr/share/texlive/texmf-dist/tex/generic/oberdiek/ltxcmds.sty
Package: ltxcmds 2011/11/09 v1.22 LaTeX kernel commands for general use (HO)
)
\Gread@gobject=\count87
))
\Gin@req@height=\dimen103
\Gin@req@width=\dimen104
)
(/usr/share/texlive/texmf-dist/tex/latex/esvect/esvect.sty
Package: esvect 
\symesvector=\mathgroup4
)
(/usr/share/texlive/texmf-dist/tex/latex/caption/subcaption.sty
Package: subcaption 2013/02/03 v1.1-62 Sub-captions (AR)

(/usr/share/texlive/texmf-dist/tex/latex/caption/caption.sty
Package: caption 2013/05/02 v3.3-89 Customizing captions (AR)

(/usr/share/texlive/texmf-dist/tex/latex/caption/caption3.sty
Package: caption3 2013/05/02 v1.6-88 caption3 kernel (AR)
Package caption3 Info: TeX engine: e-TeX on input line 57.
\captionmargin=\dimen105
\captionmargin@=\dimen106
\captionwidth=\dimen107
\caption@tempdima=\dimen108
\caption@indent=\dimen109
\caption@parindent=\dimen110
\caption@hangindent=\dimen111
)
\c@ContinuedFloat=\count88
)
\c@subfigure=\count89
\c@subtable=\count90
)
(/usr/share/texlive/texmf-dist/tex/latex/listings/listings.sty
\lst@mode=\count91
\lst@gtempboxa=\box26
\lst@token=\toks15
\lst@length=\count92
\lst@currlwidth=\dimen112
\lst@column=\count93
\lst@pos=\count94
\lst@lostspace=\dimen113
\lst@width=\dimen114
\lst@newlines=\count95
\lst@lineno=\count96
\lst@maxwidth=\dimen115

(/usr/share/texlive/texmf-dist/tex/latex/listings/lstmisc.sty
File: lstmisc.sty 2013/08/26 1.5b (Carsten Heinz)
\c@lstnumber=\count97
\lst@skipnumbers=\count98
\lst@framebox=\box27
)
(/usr/share/texlive/texmf-dist/tex/latex/listings/listings.cfg
File: listings.cfg 2013/08/26 1.5b listings configuration
))
Package: listings 2013/08/26 1.5b (Carsten Heinz)

(/usr/share/texlive/texmf-dist/tex/latex/geometry/geometry.sty
Package: geometry 2010/09/12 v5.6 Page Geometry

(/usr/share/texlive/texmf-dist/tex/generic/oberdiek/ifpdf.sty
Package: ifpdf 2011/01/30 v2.3 Provides the ifpdf switch (HO)
Package ifpdf Info: pdfTeX in PDF mode is detected.
)
(/usr/share/texlive/texmf-dist/tex/generic/oberdiek/ifvtex.sty
Package: ifvtex 2010/03/01 v1.5 Detect VTeX and its facilities (HO)
Package ifvtex Info: VTeX not detected.
)
(/usr/share/texlive/texmf-dist/tex/generic/ifxetex/ifxetex.sty
Package: ifxetex 2010/09/12 v0.6 Provides ifxetex conditional
)
\Gm@cnth=\count99
\Gm@cntv=\count100
\c@Gm@tempcnt=\count101
\Gm@bindingoffset=\dimen116
\Gm@wd@mp=\dimen117
\Gm@odd@mp=\dimen118
\Gm@even@mp=\dimen119
\Gm@layoutwidth=\dimen120
\Gm@layoutheight=\dimen121
\Gm@layouthoffset=\dimen122
\Gm@layoutvoffset=\dimen123
\Gm@dimlist=\toks16
)
(/usr/share/texlive/texmf-dist/tex/latex/graphics/color.sty
Package: color 2005/11/14 v1.0j Standard LaTeX Color (DPC)

(/usr/share/texlive/texmf-dist/tex/latex/latexconfig/color.cfg
File: color.cfg 2007/01/18 v1.5 color configuration of teTeX/TeXLive
)
Package color Info: Driver file: pdftex.def on input line 130.
) (./report.aux

LaTeX Warning: Label `fig:ex9' multiply defined.


LaTeX Warning: Label `fig:ex10' multiply defined.

)
\openout1 = `report.aux'.

LaTeX Font Info:    Checking defaults for OML/cmm/m/it on input line 15.
LaTeX Font Info:    ... okay on input line 15.
LaTeX Font Info:    Checking defaults for T1/cmr/m/n on input line 15.
LaTeX Font Info:    ... okay on input line 15.
LaTeX Font Info:    Checking defaults for OT1/cmr/m/n on input line 15.
LaTeX Font Info:    ... okay on input line 15.
LaTeX Font Info:    Checking defaults for OMS/cmsy/m/n on input line 15.
LaTeX Font Info:    ... okay on input line 15.
LaTeX Font Info:    Checking defaults for OMX/cmex/m/n on input line 15.
LaTeX Font Info:    ... okay on input line 15.
LaTeX Font Info:    Checking defaults for U/cmr/m/n on input line 15.
LaTeX Font Info:    ... okay on input line 15.
 (/usr/share/texlive/texmf-dist/tex/context/base/supp-pdf.mkii
[Loading MPS to PDF converter (version 2006.09.02).]
\scratchcounter=\count102
\scratchdimen=\dimen124
\scratchbox=\box28
\nofMPsegments=\count103
\nofMParguments=\count104
\everyMPshowfont=\toks17
\MPscratchCnt=\count105
\MPscratchDim=\dimen125
\MPnumerator=\count106
\makeMPintoPDFobject=\count107
\everyMPtoPDFconversion=\toks18
) (/usr/share/texlive/texmf-dist/tex/generic/oberdiek/pdftexcmds.sty
Package: pdftexcmds 2011/11/29 v0.20 Utility functions of pdfTeX for LuaTeX (HO
)

(/usr/share/texlive/texmf-dist/tex/generic/oberdiek/ifluatex.sty
Package: ifluatex 2010/03/01 v1.3 Provides the ifluatex switch (HO)
Package ifluatex Info: LuaTeX not detected.
)
Package pdftexcmds Info: LuaTeX not detected.
Package pdftexcmds Info: \pdf@primitive is available.
Package pdftexcmds Info: \pdf@ifprimitive is available.
Package pdftexcmds Info: \pdfdraftmode found.
)
(/usr/share/texlive/texmf-dist/tex/latex/oberdiek/epstopdf-base.sty
Package: epstopdf-base 2010/02/09 v2.5 Base part for package epstopdf

(/usr/share/texlive/texmf-dist/tex/latex/oberdiek/grfext.sty
Package: grfext 2010/08/19 v1.1 Manage graphics extensions (HO)

(/usr/share/texlive/texmf-dist/tex/generic/oberdiek/kvdefinekeys.sty
Package: kvdefinekeys 2011/04/07 v1.3 Define keys (HO)
))
(/usr/share/texlive/texmf-dist/tex/latex/oberdiek/kvoptions.sty
Package: kvoptions 2011/06/30 v3.11 Key value format for package options (HO)

(/usr/share/texlive/texmf-dist/tex/generic/oberdiek/kvsetkeys.sty
Package: kvsetkeys 2012/04/25 v1.16 Key value parser (HO)

(/usr/share/texlive/texmf-dist/tex/generic/oberdiek/etexcmds.sty
Package: etexcmds 2011/02/16 v1.5 Avoid name clashes with e-TeX commands (HO)
Package etexcmds Info: Could not find \expanded.
(etexcmds)             That can mean that you are not using pdfTeX 1.50 or
(etexcmds)             that some package has redefined \expanded.
(etexcmds)             In the latter case, load this package earlier.
)))
Package grfext Info: Graphics extension search list:
(grfext)             [.png,.pdf,.jpg,.mps,.jpeg,.jbig2,.jb2,.PNG,.PDF,.JPG,.JPE
G,.JBIG2,.JB2,.eps]
(grfext)             \AppendGraphicsExtensions on input line 452.

(/usr/share/texlive/texmf-dist/tex/latex/latexconfig/epstopdf-sys.cfg
File: epstopdf-sys.cfg 2010/07/13 v1.3 Configuration of (r)epstopdf for TeX Liv
e
))
Package caption Info: Begin \AtBeginDocument code.
Package caption Info: listings package is loaded.
Package caption Info: End \AtBeginDocument code.
\c@lstlisting=\count108

*geometry* driver: auto-detecting
*geometry* detected driver: pdftex
*geometry* verbose mode - [ preamble ] result:
* driver: pdftex
* paper: a4paper
* layout: <same size as paper>
* layoutoffset:(h,v)=(0.0pt,0.0pt)
* modes: 
* h-part:(L,W,R)=(43.36243pt, 510.78302pt, 43.36243pt)
* v-part:(T,H,B)=(54.2025pt, 736.64185pt, 54.2025pt)
* \paperwidth=597.50787pt
* \paperheight=845.04684pt
* \textwidth=510.78302pt
* \textheight=736.64185pt
* \oddsidemargin=-28.90756pt
* \evensidemargin=-28.90756pt
* \topmargin=-55.06749pt
* \headheight=12.0pt
* \headsep=25.0pt
* \topskip=11.0pt
* \footskip=30.0pt
* \marginparwidth=50.0pt
* \marginparsep=10.0pt
* \columnsep=10.0pt
* \skip\footins=10.0pt plus 4.0pt minus 2.0pt
* \hoffset=0.0pt
* \voffset=0.0pt
* \mag=1000
* \@twocolumnfalse
* \@twosidefalse
* \@mparswitchfalse
* \@reversemarginfalse
* (1in=72.27pt=25.4mm, 1cm=28.453pt)

LaTeX Font Info:    External font `cmex10' loaded for size
(Font)              <12> on input line 16.
LaTeX Font Info:    External font `cmex10' loaded for size
(Font)              <8> on input line 16.
LaTeX Font Info:    External font `cmex10' loaded for size
(Font)              <6> on input line 16.
LaTeX Font Info:    Try loading font information for U+esvect on input line 16.

(/usr/share/texlive/texmf-dist/tex/latex/esvect/uesvect.fd
File: uesvect.fd 
) (./report.toc
LaTeX Font Info:    External font `cmex10' loaded for size
(Font)              <10.95> on input line 1.

Underfull \hbox (badness 10000) in paragraph at lines 1--1
 []  
 []

)
\tf@toc=\write3
\openout3 = `report.toc'.

 (./report.lof)
\tf@lof=\write4
\openout4 = `report.lof'.

 [1

{/var/lib/texmf/fonts/map/pdftex/updmap/pdftex.map}]
Missing character: There is no â in font cmbx12!
Missing character: There is no ˆ in font cmbx12!
Missing character: There is no ’ in font cmbx12!
LaTeX Font Info:    External font `cmex10' loaded for size
(Font)              <14.4> on input line 24.
LaTeX Font Info:    External font `cmex10' loaded for size
(Font)              <7> on input line 24.

Underfull \hbox (badness 10000) in paragraph at lines 25--26

 []


Underfull \hbox (badness 10000) in paragraph at lines 26--26

 []


Underfull \hbox (badness 10000) in paragraph at lines 29--30

 []

<fun_csp.png, id=16, 578.16pt x 433.62pt>
File: fun_csp.png Graphic file (type png)
 <use fun_csp.png>
Package pdftex.def Info: fun_csp.png used on input line 34.
(pdftex.def)             Requested size: 408.62796pt x 306.46965pt.

<derv_csp.png, id=18, 578.16pt x 433.62pt>
File: derv_csp.png Graphic file (type png)
 <use derv_csp.png>
Package pdftex.def Info: derv_csp.png used on input line 41.
(pdftex.def)             Requested size: 408.62796pt x 306.46965pt.

<derv_csp_clup.png, id=19, 578.16pt x 433.62pt>
File: derv_csp_clup.png Graphic file (type png)
 <use derv_csp_clup.png>
Package pdftex.def Info: derv_csp_clup.png used on input line 47.
(pdftex.def)             Requested size: 408.62796pt x 306.46965pt.

<fun_err_csp.png, id=20, 578.16pt x 433.62pt>
File: fun_err_csp.png Graphic file (type png)
 <use fun_err_csp.png>
Package pdftex.def Info: fun_err_csp.png used on input line 54.
(pdftex.def)             Requested size: 408.62796pt x 306.46965pt.

<derv_err_csp.png, id=21, 578.16pt x 433.62pt>
File: derv_err_csp.png Graphic file (type png)
 <use derv_err_csp.png>
Package pdftex.def Info: derv_err_csp.png used on input line 61.
(pdftex.def)             Requested size: 408.62796pt x 306.46965pt.
 [2 <./fun_csp.png>]
Underfull \hbox (badness 10000) in paragraph at lines 68--69

 []

[3 <./derv_csp.png>]
Underfull \hbox (badness 10000) in paragraph at lines 70--71

 []

[4 <./derv_csp_clup.png>]
Underfull \hbox (badness 10000) in paragraph at lines 72--73

 []

[5 <./fun_err_csp.png>]
Underfull \hbox (badness 10000) in paragraph at lines 74--75

 []

[6 <./derv_err_csp.png>]
Underfull \hbox (badness 10000) in paragraph at lines 76--77

 []

<fun_gau.png, id=43, 578.16pt x 433.62pt>
File: fun_gau.png Graphic file (type png)
 <use fun_gau.png>
Package pdftex.def Info: fun_gau.png used on input line 82.
(pdftex.def)             Requested size: 408.62796pt x 306.46965pt.

<derv_gau.png, id=44, 578.16pt x 433.62pt>
File: derv_gau.png Graphic file (type png)
 <use derv_gau.png>
Package pdftex.def Info: derv_gau.png used on input line 89.
(pdftex.def)             Requested size: 408.62796pt x 306.46965pt.

<derv_gau_clup.png, id=45, 578.16pt x 433.62pt>
File: derv_gau_clup.png Graphic file (type png)
 <use derv_gau_clup.png>
Package pdftex.def Info: derv_gau_clup.png used on input line 95.
(pdftex.def)             Requested size: 408.62796pt x 306.46965pt.

<fun_err_gau.png, id=46, 578.16pt x 433.62pt>
File: fun_err_gau.png Graphic file (type png)
 <use fun_err_gau.png>
Package pdftex.def Info: fun_err_gau.png used on input line 102.
(pdftex.def)             Requested size: 408.62796pt x 306.46965pt.

<derv_err_gau.png, id=47, 578.16pt x 433.62pt>
File: derv_err_gau.png Graphic file (type png)
 <use derv_err_gau.png>
Package pdftex.def Info: derv_err_gau.png used on input line 109.
(pdftex.def)             Requested size: 408.62796pt x 306.46965pt.

<comp_fn.png, id=48, 578.16pt x 433.62pt>
File: comp_fn.png Graphic file (type png)
 <use comp_fn.png>
Package pdftex.def Info: comp_fn.png used on input line 116.
(pdftex.def)             Requested size: 408.62796pt x 306.46965pt.

<comp_dfn.png, id=49, 578.16pt x 433.62pt>
File: comp_dfn.png Graphic file (type png)
 <use comp_dfn.png>
Package pdftex.def Info: comp_dfn.png used on input line 123.
(pdftex.def)             Requested size: 408.62796pt x 306.46965pt.
 [7 <./fun_gau.png>]
Underfull \hbox (badness 10000) in paragraph at lines 129--130

 []

[8 <./derv_gau.png>]
Underfull \hbox (badness 10000) in paragraph at lines 131--132

 []

[9 <./derv_gau_clup.png>]
Underfull \hbox (badness 10000) in paragraph at lines 133--134

 []

[10 <./fun_err_gau.png>]
Underfull \hbox (badness 10000) in paragraph at lines 135--136

 []

[11 <./derv_err_gau.png>]
Underfull \hbox (badness 10000) in paragraph at lines 137--138

 []

[12 <./comp_fn.png>]
Underfull \hbox (badness 10000) in paragraph at lines 139--140

 []

<nnoise.png, id=75, 578.16pt x 433.62pt>
File: nnoise.png Graphic file (type png)
 <use nnoise.png>
Package pdftex.def Info: nnoise.png used on input line 148.
(pdftex.def)             Requested size: 408.62796pt x 306.46965pt.

<ndnoise.png, id=76, 578.16pt x 433.62pt>
File: ndnoise.png Graphic file (type png)
 <use ndnoise.png>
Package pdftex.def Info: ndnoise.png used on input line 155.
(pdftex.def)             Requested size: 408.62796pt x 306.46965pt.
 [13 <./comp_dfn.png>]
Underfull \hbox (badness 10000) in paragraph at lines 160--161

 []

[14 <./nnoise.png>]
Underfull \hbox (badness 10000) in paragraph at lines 162--163

 []

[15 <./ndnoise.png>] <noise.png, id=90, 578.16pt x 433.62pt>
File: noise.png Graphic file (type png)
 <use noise.png>
Package pdftex.def Info: noise.png used on input line 168.
(pdftex.def)             Requested size: 408.62796pt x 306.46965pt.

<dnoise.png, id=91, 578.16pt x 433.62pt>
File: dnoise.png Graphic file (type png)
 <use dnoise.png>
Package pdftex.def Info: dnoise.png used on input line 175.
(pdftex.def)             Requested size: 408.62796pt x 306.46965pt.
 [16 <./noise.png>]
[17 <./dnoise.png>] (./report.aux)

LaTeX Warning: There were multiply-defined labels.

 ) 
Here is how much of TeX's memory you used:
 4435 strings out of 493304
 68301 string characters out of 6139871
 133676 words of memory out of 5000000
 7836 multiletter control sequences out of 15000+600000
 9714 words of font info for 39 fonts, out of 8000000 for 9000
 957 hyphenation exceptions out of 8191
 42i,7n,40p,475b,279s stack positions out of 5000i,500n,10000p,200000b,80000s
</usr/share/texlive/texmf-dist/fonts/type1/public/amsfonts/cm/cmbx10.pfb></us
r/share/texlive/texmf-dist/fonts/type1/public/amsfonts/cm/cmbx12.pfb></usr/shar
e/texlive/texmf-dist/fonts/type1/public/amsfonts/cm/cmex10.pfb></usr/share/texl
ive/texmf-dist/fonts/type1/public/amsfonts/cm/cmmi10.pfb></usr/share/texlive/te
xmf-dist/fonts/type1/public/amsfonts/cm/cmmi12.pfb></usr/share/texlive/texmf-di
st/fonts/type1/public/amsfonts/cm/cmmi8.pfb></usr/share/texlive/texmf-dist/font
s/type1/public/amsfonts/cm/cmr10.pfb></usr/share/texlive/texmf-dist/fonts/type1
/public/amsfonts/cm/cmr12.pfb></usr/share/texlive/texmf-dist/fonts/type1/public
/amsfonts/cm/cmr17.pfb></usr/share/texlive/texmf-dist/fonts/type1/public/amsfon
ts/cm/cmr8.pfb></usr/share/texlive/texmf-dist/fonts/type1/public/amsfonts/cm/cm
sy10.pfb>
Output written on report.pdf (17 pages, 799850 bytes).
PDF statistics:
 136 PDF objects out of 1000 (max. 8388607)
 73 compressed objects within 1 object stream
 0 named destinations out of 1000 (max. 500000)
 81 words of extra memory for PDF output out of 10000 (max. 10000000)

